<?xml version="1.0" encoding="UTF-8"?>
<testng-results ignored="0" total="1" passed="1" failed="0" skipped="0">
  <reporter-output>
  </reporter-output>
  <suite started-at="2023-11-29T19:10:23 IST" name="Default suite" finished-at="2023-11-29T19:10:27 IST" duration-ms="4311">
    <groups>
      <group name="cucumber">
        <method signature="AbstractTestNGCucumberTests.runScenario(io.cucumber.testng.PickleWrapper,io.cucumber.testng.FeatureWrapper)[pri:0, instance:runners.ProfilePictureRunner@2d1ef81a]" name="runScenario" class="io.cucumber.testng.AbstractTestNGCucumberTests"/>
      </group> <!-- cucumber -->
    </groups>
    <test started-at="2023-11-29T19:10:23 IST" name="Default test" finished-at="2023-11-29T19:10:27 IST" duration-ms="4311">
      <class name="runners.ProfilePictureRunner">
        <test-method is-config="true" signature="setUpClass(org.testng.ITestContext)[pri:0, instance:runners.ProfilePictureRunner@2d1ef81a]" started-at="2023-11-29T19:10:23 IST" name="setUpClass" finished-at="2023-11-29T19:10:24 IST" duration-ms="1617" status="PASS">
          <params>
            <param index="0">
              <value>
                <![CDATA[org.testng.TestRunner@57540fd0]]>
              </value>
            </param>
          </params>
          <reporter-output>
          </reporter-output>
        </test-method> <!-- setUpClass -->
        <test-method signature="runScenario(io.cucumber.testng.PickleWrapper,io.cucumber.testng.FeatureWrapper)[pri:0, instance:runners.ProfilePictureRunner@2d1ef81a]" started-at="2023-11-29T19:10:24 IST" name="runScenario" description="Runs Cucumber Scenarios" data-provider="scenarios" finished-at="2023-11-29T19:10:25 IST" duration-ms="248" status="PASS">
          <params>
            <param index="0">
              <value>
                <![CDATA["Update profile pic for a user"]]>
              </value>
            </param>
            <param index="1">
              <value>
                <![CDATA["Profile picture functionality"]]>
              </value>
            </param>
          </params>
          <reporter-output>
          </reporter-output>
        </test-method> <!-- runScenario -->
        <test-method is-config="true" signature="tearDownClass()[pri:0, instance:runners.ProfilePictureRunner@2d1ef81a]" started-at="2023-11-29T19:10:25 IST" name="tearDownClass" finished-at="2023-11-29T19:10:27 IST" duration-ms="2282" status="PASS">
          <reporter-output>
          </reporter-output>
        </test-method> <!-- tearDownClass -->
      </class> <!-- runners.ProfilePictureRunner -->
    </test> <!-- Default test -->
  </suite> <!-- Default suite -->
</testng-results>
